[01m[K/home/vp/robot_ws/src/ros2_odometry_estimation/src/node/odometry_estimation_node.cpp:[m[K In member function â€˜[01m[Kvoid OdometryEstimator::publish()[m[Kâ€™:
[01m[K/home/vp/robot_ws/src/ros2_odometry_estimation/src/node/odometry_estimation_node.cpp:61:38:[m[K [01;31m[Kerror: [m[Kqualified-id in declaration before â€˜[01m[Ktf_broadcaster[m[Kâ€™
   61 |   auto tf2_ros::TransformBroadcaster [01;31m[Ktf_broadcaster[m[K;
      |                                      [01;31m[K^~~~~~~~~~~~~~[m[K
make[2]: *** [CMakeFiles/odometry_estimator.dir/build.make:63: CMakeFiles/odometry_estimator.dir/src/node/odometry_estimation_node.cpp.o] Errore 1
make[1]: *** [CMakeFiles/Makefile2:121: CMakeFiles/odometry_estimator.dir/all] Errore 2
make: *** [Makefile:141: all] Errore 2
