[0.383s] Invoking command in '/home/vp/robot_ws/build/odometry_estimator': CMAKE_PREFIX_PATH=${CMAKE_PREFIX_PATH}:/home/vp/robot_ws/install/ros2_control_test_nodes:/home/vp/robot_ws/install/odrive_driver:/opt/ros/foxy /usr/bin/cmake --build /home/vp/robot_ws/build/odometry_estimator -- -j8 -l8
[0.690s] [ 20%] Built target gtest_main
[0.691s] [ 40%] Built target vehicle_models
[0.691s] [ 60%] Built target gtest
[0.693s] [35m[1mScanning dependencies of target odometry_estimator[0m
[0.693s] [ 80%] Built target vehicle_models_test
[0.694s] [ 90%] [32mBuilding CXX object CMakeFiles/odometry_estimator.dir/src/node/odometry_estimation_node.cpp.o[0m
[2.551s] [01m[K/home/vp/robot_ws/src/ros2_odometry_estimation/src/node/odometry_estimation_node.cpp:[m[K In member function â€˜[01m[Kvoid OdometryEstimator::publish()[m[Kâ€™:
[2.551s] [01m[K/home/vp/robot_ws/src/ros2_odometry_estimation/src/node/odometry_estimation_node.cpp:72:32:[m[K [01;31m[Kerror: [m[Kno match for â€˜[01m[Koperator=[m[Kâ€™ (operand types are â€˜[01m[Kstd_msgs::msg::Header_<std::allocator<void> >::_stamp_type[m[Kâ€™ {aka â€˜[01m[Kbuiltin_interfaces::msg::Time_<std::allocator<void> >[m[Kâ€™} and â€˜[01m[KTimePoint[m[Kâ€™ {aka â€˜[01m[Kstd::chrono::time_point<std::chrono::_V2::system_clock, std::chrono::duration<long int, std::ratio<1, 1000000000> > >[m[Kâ€™})
[2.551s]    72 |   message_trans.header.stamp = [01;31m[Kcurrent_time[m[K;
[2.551s]       |                                [01;31m[K^~~~~~~~~~~~[m[K
[2.551s] In file included from [01m[K/opt/ros/foxy/include/std_msgs/msg/detail/header__struct.hpp:19[m[K,
[2.552s]                  from [01m[K/opt/ros/foxy/include/nav_msgs/msg/detail/odometry__struct.hpp:19[m[K,
[2.552s]                  from [01m[K/opt/ros/foxy/include/nav_msgs/msg/odometry.hpp:7[m[K,
[2.552s]                  from [01m[K/home/vp/robot_ws/src/ros2_odometry_estimation/include/node/odometry_estimation_node.h:5[m[K,
[2.552s]                  from [01m[K/home/vp/robot_ws/src/ros2_odometry_estimation/src/node/odometry_estimation_node.cpp:1[m[K:
[2.552s] [01m[K/opt/ros/foxy/include/builtin_interfaces/msg/detail/time__struct.hpp:31:8:[m[K [01;36m[Knote: [m[Kcandidate: â€˜[01m[Kconstexpr builtin_interfaces::msg::Time_<std::allocator<void> >& builtin_interfaces::msg::Time_<std::allocator<void> >::operator=(const builtin_interfaces::msg::Time_<std::allocator<void> >&)[m[Kâ€™
[2.552s]    31 | struct [01;36m[KTime_[m[K
[2.553s]       |        [01;36m[K^~~~~[m[K
[2.553s] [01m[K/opt/ros/foxy/include/builtin_interfaces/msg/detail/time__struct.hpp:31:8:[m[K [01;36m[Knote: [m[K  no known conversion for argument 1 from â€˜[01m[KTimePoint[m[Kâ€™ {aka â€˜[01m[Kstd::chrono::time_point<std::chrono::_V2::system_clock, std::chrono::duration<long int, std::ratio<1, 1000000000> > >[m[Kâ€™} to â€˜[01m[Kconst builtin_interfaces::msg::Time_<std::allocator<void> >&[m[Kâ€™
[2.553s] [01m[K/opt/ros/foxy/include/builtin_interfaces/msg/detail/time__struct.hpp:31:8:[m[K [01;36m[Knote: [m[Kcandidate: â€˜[01m[Kconstexpr builtin_interfaces::msg::Time_<std::allocator<void> >& builtin_interfaces::msg::Time_<std::allocator<void> >::operator=(builtin_interfaces::msg::Time_<std::allocator<void> >&&)[m[Kâ€™
[2.553s] [01m[K/opt/ros/foxy/include/builtin_interfaces/msg/detail/time__struct.hpp:31:8:[m[K [01;36m[Knote: [m[K  no known conversion for argument 1 from â€˜[01m[KTimePoint[m[Kâ€™ {aka â€˜[01m[Kstd::chrono::time_point<std::chrono::_V2::system_clock, std::chrono::duration<long int, std::ratio<1, 1000000000> > >[m[Kâ€™} to â€˜[01m[Kbuiltin_interfaces::msg::Time_<std::allocator<void> >&&[m[Kâ€™
[4.208s] make[2]: *** [CMakeFiles/odometry_estimator.dir/build.make:63: CMakeFiles/odometry_estimator.dir/src/node/odometry_estimation_node.cpp.o] Errore 1
[4.209s] make[1]: *** [CMakeFiles/Makefile2:121: CMakeFiles/odometry_estimator.dir/all] Errore 2
[4.209s] make: *** [Makefile:141: all] Errore 2
[4.212s] Invoked command in '/home/vp/robot_ws/build/odometry_estimator' returned '2': CMAKE_PREFIX_PATH=${CMAKE_PREFIX_PATH}:/home/vp/robot_ws/install/ros2_control_test_nodes:/home/vp/robot_ws/install/odrive_driver:/opt/ros/foxy /usr/bin/cmake --build /home/vp/robot_ws/build/odometry_estimator -- -j8 -l8
