[01m[K/home/vp/robot_ws/src/ros2_odometry_estimation/src/node/odometry_estimation_node.cpp:[m[K In constructor â€˜[01m[KOdometryEstimator::OdometryEstimator()[m[Kâ€™:
[01m[K/home/vp/robot_ws/src/ros2_odometry_estimation/src/node/odometry_estimation_node.cpp:33:3:[m[K [01;31m[Kerror: [m[Kâ€˜[01m[Kpublisher2_[m[Kâ€™ was not declared in this scope; did you mean â€˜[01m[Kpublisher_[m[Kâ€™?
   33 |   [01;31m[Kpublisher2_[m[K = this->create_publisher<nav_msgs::msg::Odometry>("b", 10);
      |   [01;31m[K^~~~~~~~~~~[m[K
      |   [32m[Kpublisher_[m[K
[01m[K/home/vp/robot_ws/src/ros2_odometry_estimation/src/node/odometry_estimation_node.cpp:34:3:[m[K [01;31m[Kerror: [m[Kâ€˜[01m[Kpublisher3_[m[Kâ€™ was not declared in this scope; did you mean â€˜[01m[Kpublisher_[m[Kâ€™?
   34 |   [01;31m[Kpublisher3_[m[K = this->create_publisher<nav_msgs::msg::Odometry>("fff", 20);
      |   [01;31m[K^~~~~~~~~~~[m[K
      |   [32m[Kpublisher_[m[K
[01m[K/home/vp/robot_ws/src/ros2_odometry_estimation/src/node/odometry_estimation_node.cpp:35:3:[m[K [01;31m[Kerror: [m[Kâ€˜[01m[Kpublisher4_[m[Kâ€™ was not declared in this scope; did you mean â€˜[01m[Kpublisher_[m[Kâ€™?
   35 |   [01;31m[Kpublisher4_[m[K = this->create_publisher<nav_msgs::msg::Odometry>("ggggg", 20);
      |   [01;31m[K^~~~~~~~~~~[m[K
      |   [32m[Kpublisher_[m[K
make[2]: *** [CMakeFiles/odometry_estimator.dir/build.make:63: CMakeFiles/odometry_estimator.dir/src/node/odometry_estimation_node.cpp.o] Errore 1
make[1]: *** [CMakeFiles/Makefile2:121: CMakeFiles/odometry_estimator.dir/all] Errore 2
make: *** [Makefile:141: all] Errore 2
