[0.530s] Invoking command in '/home/vp/robot_ws/build/odometry_estimator': CMAKE_PREFIX_PATH=${CMAKE_PREFIX_PATH}:/home/vp/robot_ws/install/ros2_control_test_nodes:/home/vp/robot_ws/install/odrive_driver:/opt/ros/foxy /usr/bin/cmake --build /home/vp/robot_ws/build/odometry_estimator -- -j8 -l8
[0.970s] [ 20%] Built target vehicle_models
[0.970s] [ 40%] Built target gtest
[0.971s] [ 60%] Built target gtest_main
[0.971s] [35m[1mScanning dependencies of target odometry_estimator[0m
[0.972s] [ 80%] Built target vehicle_models_test
[0.972s] [ 90%] [32mBuilding CXX object CMakeFiles/odometry_estimator.dir/src/node/odometry_estimation_node.cpp.o[0m
[3.403s] [01m[K/home/vp/robot_ws/src/ros2_odometry_estimation/src/node/odometry_estimation_node.cpp:[m[K In constructor â€˜[01m[KOdometryEstimator::OdometryEstimator()[m[Kâ€™:
[3.404s] [01m[K/home/vp/robot_ws/src/ros2_odometry_estimation/src/node/odometry_estimation_node.cpp:33:3:[m[K [01;31m[Kerror: [m[Kâ€˜[01m[Kpublisher2_[m[Kâ€™ was not declared in this scope; did you mean â€˜[01m[Kpublisher_[m[Kâ€™?
[3.404s]    33 |   [01;31m[Kpublisher2_[m[K = this->create_publisher<nav_msgs::msg::Odometry>("b", 10);
[3.404s]       |   [01;31m[K^~~~~~~~~~~[m[K
[3.404s]       |   [32m[Kpublisher_[m[K
[3.405s] [01m[K/home/vp/robot_ws/src/ros2_odometry_estimation/src/node/odometry_estimation_node.cpp:34:3:[m[K [01;31m[Kerror: [m[Kâ€˜[01m[Kpublisher3_[m[Kâ€™ was not declared in this scope; did you mean â€˜[01m[Kpublisher_[m[Kâ€™?
[3.406s]    34 |   [01;31m[Kpublisher3_[m[K = this->create_publisher<nav_msgs::msg::Odometry>("fff", 20);
[3.408s]       |   [01;31m[K^~~~~~~~~~~[m[K
[3.408s]       |   [32m[Kpublisher_[m[K
[3.409s] [01m[K/home/vp/robot_ws/src/ros2_odometry_estimation/src/node/odometry_estimation_node.cpp:35:3:[m[K [01;31m[Kerror: [m[Kâ€˜[01m[Kpublisher4_[m[Kâ€™ was not declared in this scope; did you mean â€˜[01m[Kpublisher_[m[Kâ€™?
[3.409s]    35 |   [01;31m[Kpublisher4_[m[K = this->create_publisher<nav_msgs::msg::Odometry>("ggggg", 20);
[3.409s]       |   [01;31m[K^~~~~~~~~~~[m[K
[3.409s]       |   [32m[Kpublisher_[m[K
[5.945s] make[2]: *** [CMakeFiles/odometry_estimator.dir/build.make:63: CMakeFiles/odometry_estimator.dir/src/node/odometry_estimation_node.cpp.o] Errore 1
[5.945s] make[1]: *** [CMakeFiles/Makefile2:121: CMakeFiles/odometry_estimator.dir/all] Errore 2
[5.945s] make: *** [Makefile:141: all] Errore 2
[5.948s] Invoked command in '/home/vp/robot_ws/build/odometry_estimator' returned '2': CMAKE_PREFIX_PATH=${CMAKE_PREFIX_PATH}:/home/vp/robot_ws/install/ros2_control_test_nodes:/home/vp/robot_ws/install/odrive_driver:/opt/ros/foxy /usr/bin/cmake --build /home/vp/robot_ws/build/odometry_estimator -- -j8 -l8
