[01m[K/home/vp/robot_ws/src/ros2_odometry_estimation/src/node/odometry_estimation_node.cpp:[m[K In member function â€˜[01m[Kvoid OdometryEstimator::publish()[m[Kâ€™:
[01m[K/home/vp/robot_ws/src/ros2_odometry_estimation/src/node/odometry_estimation_node.cpp:69:52:[m[K [01;31m[Kerror: [m[Kâ€˜[01m[Kself[m[Kâ€™ was not declared in this scope
   69 |   auto broadcaster = tf2_ros::TransformBroadcaster([01;31m[Kself[m[K);
      |                                                    [01;31m[K^~~~[m[K
[01m[K/home/vp/robot_ws/src/ros2_odometry_estimation/src/node/odometry_estimation_node.cpp:88:9:[m[K [01;31m[Kerror: [m[Kâ€˜[01m[Kclass OdometryEstimator[m[Kâ€™ has no member named â€˜[01m[Kbroadcaster[m[Kâ€™
   88 |   this->[01;31m[Kbroadcaster[m[K.sendTransform(message_trans);
      |         [01;31m[K^~~~~~~~~~~[m[K
make[2]: *** [CMakeFiles/odometry_estimator.dir/build.make:63: CMakeFiles/odometry_estimator.dir/src/node/odometry_estimation_node.cpp.o] Errore 1
make[1]: *** [CMakeFiles/Makefile2:121: CMakeFiles/odometry_estimator.dir/all] Errore 2
make: *** [Makefile:141: all] Errore 2
