[0.366s] Invoking command in '/home/vp/robot_ws/build/odometry_estimator': CMAKE_PREFIX_PATH=${CMAKE_PREFIX_PATH}:/home/vp/robot_ws/install/ros2_control_test_nodes:/home/vp/robot_ws/install/odrive_driver:/opt/ros/foxy /usr/bin/cmake --build /home/vp/robot_ws/build/odometry_estimator -- -j8 -l8
[0.707s] [ 20%] Built target gtest_main
[0.707s] [ 40%] Built target gtest
[0.708s] [ 60%] Built target vehicle_models
[0.708s] [35m[1mScanning dependencies of target odometry_estimator[0m
[0.708s] [ 80%] Built target vehicle_models_test
[0.710s] [ 90%] [32mBuilding CXX object CMakeFiles/odometry_estimator.dir/src/node/odometry_estimation_node.cpp.o[0m
[2.590s] [01m[K/home/vp/robot_ws/src/ros2_odometry_estimation/src/node/odometry_estimation_node.cpp:[m[K In member function â€˜[01m[Kvoid OdometryEstimator::publish()[m[Kâ€™:
[2.590s] [01m[K/home/vp/robot_ws/src/ros2_odometry_estimation/src/node/odometry_estimation_node.cpp:69:52:[m[K [01;31m[Kerror: [m[Kâ€˜[01m[Kself[m[Kâ€™ was not declared in this scope
[2.590s]    69 |   auto broadcaster = tf2_ros::TransformBroadcaster([01;31m[Kself[m[K);
[2.590s]       |                                                    [01;31m[K^~~~[m[K
[2.597s] [01m[K/home/vp/robot_ws/src/ros2_odometry_estimation/src/node/odometry_estimation_node.cpp:88:9:[m[K [01;31m[Kerror: [m[Kâ€˜[01m[Kclass OdometryEstimator[m[Kâ€™ has no member named â€˜[01m[Kbroadcaster[m[Kâ€™
[2.597s]    88 |   this->[01;31m[Kbroadcaster[m[K.sendTransform(message_trans);
[2.597s]       |         [01;31m[K^~~~~~~~~~~[m[K
[4.051s] make[2]: *** [CMakeFiles/odometry_estimator.dir/build.make:63: CMakeFiles/odometry_estimator.dir/src/node/odometry_estimation_node.cpp.o] Errore 1
[4.051s] make[1]: *** [CMakeFiles/Makefile2:121: CMakeFiles/odometry_estimator.dir/all] Errore 2
[4.051s] make: *** [Makefile:141: all] Errore 2
[4.056s] Invoked command in '/home/vp/robot_ws/build/odometry_estimator' returned '2': CMAKE_PREFIX_PATH=${CMAKE_PREFIX_PATH}:/home/vp/robot_ws/install/ros2_control_test_nodes:/home/vp/robot_ws/install/odrive_driver:/opt/ros/foxy /usr/bin/cmake --build /home/vp/robot_ws/build/odometry_estimator -- -j8 -l8
