[01m[K/home/vp/robot_ws/src/ros2_odometry_estimation/src/node/odometry_estimation_node.cpp:[m[K In member function â€˜[01m[Kvoid OdometryEstimator::publish()[m[Kâ€™:
[01m[K/home/vp/robot_ws/src/ros2_odometry_estimation/src/node/odometry_estimation_node.cpp:96:18:[m[K [01;31m[Kerror: [m[Kinvalid conversion from â€˜[01m[Kconst char*[m[Kâ€™ to â€˜[01m[Klong int[m[Kâ€™ [[01;31m[K-fpermissive[m[K]
   96 |   long int aaa = [01;31m[K"aaaa"[m[K
      |                  [01;31m[K^~~~~~[m[K
      |                  [01;31m[K|[m[K
      |                  [01;31m[Kconst char*[m[K
[01m[K/home/vp/robot_ws/src/ros2_odometry_estimation/src/node/odometry_estimation_node.cpp:98:3:[m[K [01;31m[Kerror: [m[Kexpected â€˜[01m[K,[m[Kâ€™ or â€˜[01m[K;[m[Kâ€™ before â€˜[01m[Kpublisher2_[m[Kâ€™
   98 |   [01;31m[Kpublisher2_[m[K->publish(aaa);
      |   [01;31m[K^~~~~~~~~~~[m[K
[01m[K/home/vp/robot_ws/src/ros2_odometry_estimation/src/node/odometry_estimation_node.cpp:96:12:[m[K [01;35m[Kwarning: [m[Kunused variable â€˜[01m[Kaaa[m[Kâ€™ [[01;35m[K-Wunused-variable[m[K]
   96 |   long int [01;35m[Kaaa[m[K = "aaaa"
      |            [01;35m[K^~~[m[K
make[2]: *** [CMakeFiles/odometry_estimator.dir/build.make:63: CMakeFiles/odometry_estimator.dir/src/node/odometry_estimation_node.cpp.o] Errore 1
make[1]: *** [CMakeFiles/Makefile2:121: CMakeFiles/odometry_estimator.dir/all] Errore 2
make: *** [Makefile:141: all] Errore 2
