[0.422s] Invoking command in '/home/vp/robot_ws/build/odometry_estimator': CMAKE_PREFIX_PATH=${CMAKE_PREFIX_PATH}:/home/vp/robot_ws/install/ros2_control_test_nodes:/home/vp/robot_ws/install/odrive_driver:/opt/ros/foxy /usr/bin/cmake --build /home/vp/robot_ws/build/odometry_estimator -- -j8 -l8
[0.748s] [ 20%] Built target vehicle_models
[0.749s] [ 40%] Built target gtest
[0.749s] [ 60%] Built target gtest_main
[0.749s] [35m[1mScanning dependencies of target odometry_estimator[0m
[0.750s] [ 80%] Built target vehicle_models_test
[0.750s] [ 90%] [32mBuilding CXX object CMakeFiles/odometry_estimator.dir/src/node/odometry_estimation_node.cpp.o[0m
[2.628s] [01m[K/home/vp/robot_ws/src/ros2_odometry_estimation/src/node/odometry_estimation_node.cpp:[m[K In constructor â€˜[01m[KOdometryEstimator::OdometryEstimator()[m[Kâ€™:
[2.629s] [01m[K/home/vp/robot_ws/src/ros2_odometry_estimation/src/node/odometry_estimation_node.cpp:30:79:[m[K [01;31m[Kerror: [m[Kno matching function for call to â€˜[01m[KOdometryEstimator::create_publisher<tf2_ros::TransformBroadcaster>(OdometryEstimator&, int)[m[Kâ€™
[2.629s]    30 |   publisher_ = this->create_publisher<tf2_ros::TransformBroadcaster>(*this, 10[01;31m[K)[m[K;
[2.629s]       |                                                                               [01;31m[K^[m[K
[2.629s] In file included from [01m[K/opt/ros/foxy/include/rclcpp/node.hpp:1224[m[K,
[2.629s]                  from [01m[K/opt/ros/foxy/include/rclcpp/executors/single_threaded_executor.hpp:28[m[K,
[2.629s]                  from [01m[K/opt/ros/foxy/include/rclcpp/executors.hpp:22[m[K,
[2.629s]                  from [01m[K/opt/ros/foxy/include/rclcpp/rclcpp.hpp:146[m[K,
[2.629s]                  from [01m[K/home/vp/robot_ws/src/ros2_odometry_estimation/include/node/odometry_estimation_node.h:10[m[K,
[2.629s]                  from [01m[K/home/vp/robot_ws/src/ros2_odometry_estimation/src/node/odometry_estimation_node.cpp:1[m[K:
[2.629s] [01m[K/opt/ros/foxy/include/rclcpp/node_impl.hpp:71:1:[m[K [01;36m[Knote: [m[Kcandidate: â€˜[01m[Ktemplate<class MessageT, class AllocatorT, class PublisherT> std::shared_ptr<PublisherT> rclcpp::Node::create_publisher(const string&, const rclcpp::QoS&, const rclcpp::PublisherOptionsWithAllocator<AllocatorT>&)[m[Kâ€™
[2.629s]    71 | [01;36m[KNode[m[K::create_publisher(
[2.630s]       | [01;36m[K^~~~[m[K
[2.630s] [01m[K/opt/ros/foxy/include/rclcpp/node_impl.hpp:71:1:[m[K [01;36m[Knote: [m[K  template argument deduction/substitution failed:
[2.630s] [01m[K/home/vp/robot_ws/src/ros2_odometry_estimation/src/node/odometry_estimation_node.cpp:30:70:[m[K [01;36m[Knote: [m[K  cannot convert â€˜[01m[K*(OdometryEstimator*)this[m[Kâ€™ (type â€˜[01m[KOdometryEstimator[m[Kâ€™) to type â€˜[01m[Kconst string&[m[Kâ€™ {aka â€˜[01m[Kconst std::__cxx11::basic_string<char>&[m[Kâ€™}
[2.630s]    30 |   publisher_ = this->create_publisher<tf2_ros::TransformBroadcaster>([01;36m[K*this[m[K, 10);
[2.630s]       |                                                                      [01;36m[K^~~~~[m[K
[4.375s] make[2]: *** [CMakeFiles/odometry_estimator.dir/build.make:63: CMakeFiles/odometry_estimator.dir/src/node/odometry_estimation_node.cpp.o] Errore 1
[4.375s] make[1]: *** [CMakeFiles/Makefile2:121: CMakeFiles/odometry_estimator.dir/all] Errore 2
[4.375s] make: *** [Makefile:141: all] Errore 2
[4.378s] Invoked command in '/home/vp/robot_ws/build/odometry_estimator' returned '2': CMAKE_PREFIX_PATH=${CMAKE_PREFIX_PATH}:/home/vp/robot_ws/install/ros2_control_test_nodes:/home/vp/robot_ws/install/odrive_driver:/opt/ros/foxy /usr/bin/cmake --build /home/vp/robot_ws/build/odometry_estimator -- -j8 -l8
