[ 20%] Built target vehicle_models
[ 40%] Built target gtest
[ 60%] Built target gtest_main
[35m[1mScanning dependencies of target odometry_estimator[0m
[ 80%] Built target vehicle_models_test
[ 90%] [32mBuilding CXX object CMakeFiles/odometry_estimator.dir/src/node/odometry_estimation_node.cpp.o[0m
[01m[K/home/vp/robot_ws/src/ros2_odometry_estimation/src/node/odometry_estimation_node.cpp:[m[K In member function â€˜[01m[Kvoid OdometryEstimator::publish()[m[Kâ€™:
[01m[K/home/vp/robot_ws/src/ros2_odometry_estimation/src/node/odometry_estimation_node.cpp:69:10:[m[K [01;31m[Kerror: [m[Kâ€˜[01m[Kstocaxo[m[Kâ€™ does not name a type
   69 |   static [01;31m[Kstocaxo[m[K tf2_ros::TransformBroadcaster(this);
      |          [01;31m[K^~~~~~~[m[K
[01m[K/home/vp/robot_ws/src/ros2_odometry_estimation/src/node/odometry_estimation_node.cpp:88:8:[m[K [01;31m[Kerror: [m[Krequest for member â€˜[01m[Kbroadcaster[m[Kâ€™ in â€˜[01m[K(OdometryEstimator*)this[m[Kâ€™, which is of pointer type â€˜[01m[KOdometryEstimator*[m[Kâ€™ (maybe you meant to use â€˜[01m[K->[m[Kâ€™ ?)
   88 |   this.[01;31m[Kbroadcaster[m[K.sendTransform(message_trans);
      |        [01;31m[K^~~~~~~~~~~[m[K
make[2]: *** [CMakeFiles/odometry_estimator.dir/build.make:63: CMakeFiles/odometry_estimator.dir/src/node/odometry_estimation_node.cpp.o] Errore 1
make[1]: *** [CMakeFiles/Makefile2:121: CMakeFiles/odometry_estimator.dir/all] Errore 2
make: *** [Makefile:141: all] Errore 2
