[0.417s] Invoking command in '/home/vp/robot_ws/build/odometry_estimator': CMAKE_PREFIX_PATH=${CMAKE_PREFIX_PATH}:/home/vp/robot_ws/install/ros2_control_test_nodes:/home/vp/robot_ws/install/odrive_driver:/opt/ros/foxy /usr/bin/cmake --build /home/vp/robot_ws/build/odometry_estimator -- -j8 -l8
[0.744s] [ 20%] Built target gtest
[0.745s] [ 40%] Built target vehicle_models
[0.746s] [ 60%] Built target gtest_main
[0.748s] [35m[1mScanning dependencies of target odometry_estimator[0m
[0.748s] [ 80%] Built target vehicle_models_test
[0.749s] [ 90%] [32mBuilding CXX object CMakeFiles/odometry_estimator.dir/src/node/odometry_estimation_node.cpp.o[0m
[2.486s] [01m[K/home/vp/robot_ws/src/ros2_odometry_estimation/src/node/odometry_estimation_node.cpp:[m[K In member function â€˜[01m[Kvoid OdometryEstimator::publish()[m[Kâ€™:
[2.486s] [01m[K/home/vp/robot_ws/src/ros2_odometry_estimation/src/node/odometry_estimation_node.cpp:77:15:[m[K [01;31m[Kerror: [m[Kâ€˜[01m[Kusing element_type = class rclcpp::Publisher<nav_msgs::msg::Odometry_<std::allocator<void> > >[m[Kâ€™ {aka â€˜[01m[Kclass rclcpp::Publisher<nav_msgs::msg::Odometry_<std::allocator<void> > >[m[Kâ€™} has no member named â€˜[01m[KsendTransform[m[Kâ€™
[2.486s]    77 |   publisher_->[01;31m[KsendTransform[m[K(message_trans);
[2.486s]       |               [01;31m[K^~~~~~~~~~~~~[m[K
[4.145s] make[2]: *** [CMakeFiles/odometry_estimator.dir/build.make:63: CMakeFiles/odometry_estimator.dir/src/node/odometry_estimation_node.cpp.o] Errore 1
[4.145s] make[1]: *** [CMakeFiles/Makefile2:121: CMakeFiles/odometry_estimator.dir/all] Errore 2
[4.145s] make: *** [Makefile:141: all] Errore 2
[4.149s] Invoked command in '/home/vp/robot_ws/build/odometry_estimator' returned '2': CMAKE_PREFIX_PATH=${CMAKE_PREFIX_PATH}:/home/vp/robot_ws/install/ros2_control_test_nodes:/home/vp/robot_ws/install/odrive_driver:/opt/ros/foxy /usr/bin/cmake --build /home/vp/robot_ws/build/odometry_estimator -- -j8 -l8
