[01m[K/home/vp/robot_ws/src/ros2_odometry_estimation/src/node/odometry_estimation_node.cpp:[m[K In member function â€˜[01m[Kvoid OdometryEstimator::publish()[m[Kâ€™:
[01m[K/home/vp/robot_ws/src/ros2_odometry_estimation/src/node/odometry_estimation_node.cpp:69:30:[m[K [01;31m[Kerror: [m[Kcannot convert â€˜[01m[Ktf2_ros::TransformBroadcaster[m[Kâ€™ to â€˜[01m[Kint[m[Kâ€™ in initialization
   69 |   int broadcaster = tf2_ros::[01;31m[KTransformBroadcaster(this)[m[K;
      |                              [01;31m[K^~~~~~~~~~~~~~~~~~~~~~~~~~[m[K
      |                              [01;31m[K|[m[K
      |                              [01;31m[Ktf2_ros::TransformBroadcaster[m[K
[01m[K/home/vp/robot_ws/src/ros2_odometry_estimation/src/node/odometry_estimation_node.cpp:88:9:[m[K [01;31m[Kerror: [m[Kâ€˜[01m[Kclass OdometryEstimator[m[Kâ€™ has no member named â€˜[01m[Kbroadcaster[m[Kâ€™
   88 |   this->[01;31m[Kbroadcaster[m[K.sendTransform(message_trans);
      |         [01;31m[K^~~~~~~~~~~[m[K
[01m[K/home/vp/robot_ws/src/ros2_odometry_estimation/src/node/odometry_estimation_node.cpp:69:7:[m[K [01;35m[Kwarning: [m[Kunused variable â€˜[01m[Kbroadcaster[m[Kâ€™ [[01;35m[K-Wunused-variable[m[K]
   69 |   int [01;35m[Kbroadcaster[m[K = tf2_ros::TransformBroadcaster(this);
      |       [01;35m[K^~~~~~~~~~~[m[K
make[2]: *** [CMakeFiles/odometry_estimator.dir/build.make:63: CMakeFiles/odometry_estimator.dir/src/node/odometry_estimation_node.cpp.o] Errore 1
make[1]: *** [CMakeFiles/Makefile2:121: CMakeFiles/odometry_estimator.dir/all] Errore 2
make: *** [Makefile:141: all] Errore 2
