[0.425s] Invoking command in '/home/vp/robot_ws/build/odometry_estimator': CMAKE_PREFIX_PATH=${CMAKE_PREFIX_PATH}:/home/vp/robot_ws/install/ros2_control_test_nodes:/home/vp/robot_ws/install/odrive_driver:/opt/ros/foxy /usr/bin/cmake --build /home/vp/robot_ws/build/odometry_estimator -- -j8 -l8
[0.777s] [ 20%] Built target vehicle_models
[0.778s] [ 40%] Built target gtest
[0.779s] [ 60%] Built target gtest_main
[0.780s] [35m[1mScanning dependencies of target odometry_estimator[0m
[0.782s] [ 80%] Built target vehicle_models_test
[0.784s] [ 90%] [32mBuilding CXX object CMakeFiles/odometry_estimator.dir/src/node/odometry_estimation_node.cpp.o[0m
[2.586s] [01m[K/home/vp/robot_ws/src/ros2_odometry_estimation/src/node/odometry_estimation_node.cpp:[m[K In constructor â€˜[01m[KOdometryEstimator::OdometryEstimator()[m[Kâ€™:
[2.586s] [01m[K/home/vp/robot_ws/src/ros2_odometry_estimation/src/node/odometry_estimation_node.cpp:30:3:[m[K [01;31m[Kerror: [m[Kâ€˜[01m[Kbroadcaster_[m[Kâ€™ was not declared in this scope
[2.586s]    30 |   [01;31m[Kbroadcaster_[m[K = this->tf2_ros::TransformBroadcaster(this, 10);
[2.586s]       |   [01;31m[K^~~~~~~~~~~~[m[K
[2.586s] [01m[K/home/vp/robot_ws/src/ros2_odometry_estimation/src/node/odometry_estimation_node.cpp:30:24:[m[K [01;31m[Kerror: [m[Kâ€˜[01m[Ktf2_ros::TransformBroadcaster[m[Kâ€™ is not a class member
[2.587s]    30 |   broadcaster_ = this->[01;31m[Ktf2_ros[m[K::TransformBroadcaster(this, 10);
[2.587s]       |                        [01;31m[K^~~~~~~[m[K
[4.431s] make[2]: *** [CMakeFiles/odometry_estimator.dir/build.make:63: CMakeFiles/odometry_estimator.dir/src/node/odometry_estimation_node.cpp.o] Errore 1
[4.431s] make[1]: *** [CMakeFiles/Makefile2:121: CMakeFiles/odometry_estimator.dir/all] Errore 2
[4.431s] make: *** [Makefile:141: all] Errore 2
[4.433s] Invoked command in '/home/vp/robot_ws/build/odometry_estimator' returned '2': CMAKE_PREFIX_PATH=${CMAKE_PREFIX_PATH}:/home/vp/robot_ws/install/ros2_control_test_nodes:/home/vp/robot_ws/install/odrive_driver:/opt/ros/foxy /usr/bin/cmake --build /home/vp/robot_ws/build/odometry_estimator -- -j8 -l8
