[0.398s] Invoking command in '/home/vp/robot_ws/build/odometry_estimator': CMAKE_PREFIX_PATH=${CMAKE_PREFIX_PATH}:/home/vp/robot_ws/install/ros2_control_test_nodes:/home/vp/robot_ws/install/odrive_driver:/opt/ros/foxy /usr/bin/cmake --build /home/vp/robot_ws/build/odometry_estimator -- -j8 -l8
[0.712s] [ 20%] Built target vehicle_models
[0.713s] [ 40%] Built target gtest
[0.714s] [ 60%] Built target gtest_main
[0.714s] [ 80%] Built target vehicle_models_test
[0.716s] [ 90%] [32mBuilding CXX object CMakeFiles/odometry_estimator.dir/src/node/odometry_estimation_node.cpp.o[0m
[2.390s] [01m[K/home/vp/robot_ws/src/ros2_odometry_estimation/src/node/odometry_estimation_node.cpp:[m[K In member function â€˜[01m[Kvoid OdometryEstimator::publish()[m[Kâ€™:
[2.391s] [01m[K/home/vp/robot_ws/src/ros2_odometry_estimation/src/node/odometry_estimation_node.cpp:69:10:[m[K [01;31m[Kerror: [m[Kâ€˜[01m[Kbroadcaster[m[Kâ€™ does not name a type
[2.391s]    69 |   static [01;31m[Kbroadcaster[m[K tf2_ros::TransformBroadcaster(this);
[2.391s]       |          [01;31m[K^~~~~~~~~~~[m[K
[2.401s] [01m[K/home/vp/robot_ws/src/ros2_odometry_estimation/src/node/odometry_estimation_node.cpp:88:8:[m[K [01;31m[Kerror: [m[Krequest for member â€˜[01m[Kbroadcaster[m[Kâ€™ in â€˜[01m[K(OdometryEstimator*)this[m[Kâ€™, which is of pointer type â€˜[01m[KOdometryEstimator*[m[Kâ€™ (maybe you meant to use â€˜[01m[K->[m[Kâ€™ ?)
[2.402s]    88 |   this.[01;31m[Kbroadcaster[m[K.sendTransform(message_trans);
[2.403s]       |        [01;31m[K^~~~~~~~~~~[m[K
[4.008s] make[2]: *** [CMakeFiles/odometry_estimator.dir/build.make:63: CMakeFiles/odometry_estimator.dir/src/node/odometry_estimation_node.cpp.o] Errore 1
[4.009s] make[1]: *** [CMakeFiles/Makefile2:121: CMakeFiles/odometry_estimator.dir/all] Errore 2
[4.009s] make: *** [Makefile:141: all] Errore 2
[4.011s] Invoked command in '/home/vp/robot_ws/build/odometry_estimator' returned '2': CMAKE_PREFIX_PATH=${CMAKE_PREFIX_PATH}:/home/vp/robot_ws/install/ros2_control_test_nodes:/home/vp/robot_ws/install/odrive_driver:/opt/ros/foxy /usr/bin/cmake --build /home/vp/robot_ws/build/odometry_estimator -- -j8 -l8
