[01m[K/home/vp/robot_ws/src/ros2_odometry_estimation/src/node/odometry_estimation_node.cpp:[m[K In member function â€˜[01m[Kvoid OdometryEstimator::publish()[m[Kâ€™:
[01m[K/home/vp/robot_ws/src/ros2_odometry_estimation/src/node/odometry_estimation_node.cpp:60:39:[m[K [01;31m[Kerror: [m[Kâ€˜[01m[KTransformStamped[m[Kâ€™ is not a member of â€˜[01m[Knav_msgs::msg[m[Kâ€™; did you mean â€˜[01m[Kgeometry_msgs::msg::TransformStamped[m[Kâ€™?
   60 |   auto message_trans = nav_msgs::msg::[01;31m[KTransformStamped[m[K();
      |                                       [01;31m[K^~~~~~~~~~~~~~~~[m[K
In file included from [01m[K/opt/ros/foxy/include/geometry_msgs/msg/transform_stamped.hpp:7[m[K,
                 from [01m[K/opt/ros/foxy/include/tf2/convert.h:42[m[K,
                 from [01m[K/opt/ros/foxy/include/tf2_geometry_msgs/tf2_geometry_msgs.h:35[m[K,
                 from [01m[K/home/vp/robot_ws/src/ros2_odometry_estimation/src/node/odometry_estimation_node.cpp:3[m[K:
[01m[K/opt/ros/foxy/include/geometry_msgs/msg/detail/transform_stamped__struct.hpp:155:7:[m[K [01;36m[Knote: [m[Kâ€˜[01m[Kgeometry_msgs::msg::TransformStamped[m[Kâ€™ declared here
  155 | using [01;36m[KTransformStamped[m[K =
      |       [01;36m[K^~~~~~~~~~~~~~~~[m[K
make[2]: *** [CMakeFiles/odometry_estimator.dir/build.make:63: CMakeFiles/odometry_estimator.dir/src/node/odometry_estimation_node.cpp.o] Errore 1
make[1]: *** [CMakeFiles/Makefile2:121: CMakeFiles/odometry_estimator.dir/all] Errore 2
make: *** [Makefile:141: all] Errore 2
