[0.417s] Invoking command in '/home/vp/robot_ws/build/odometry_estimator': CMAKE_PREFIX_PATH=${CMAKE_PREFIX_PATH}:/home/vp/robot_ws/install/ros2_control_test_nodes:/home/vp/robot_ws/install/odrive_driver:/opt/ros/foxy /usr/bin/cmake --build /home/vp/robot_ws/build/odometry_estimator -- -j8 -l8
[0.733s] [ 20%] Built target gtest_main
[0.734s] [ 40%] Built target vehicle_models
[0.734s] [ 60%] Built target gtest
[0.734s] [35m[1mScanning dependencies of target odometry_estimator[0m
[0.736s] [ 80%] Built target vehicle_models_test
[0.736s] [ 90%] [32mBuilding CXX object CMakeFiles/odometry_estimator.dir/src/node/odometry_estimation_node.cpp.o[0m
[2.674s] [01m[K/home/vp/robot_ws/src/ros2_odometry_estimation/src/node/odometry_estimation_node.cpp:[m[K In member function â€˜[01m[Kvoid OdometryEstimator::publish()[m[Kâ€™:
[2.674s] [01m[K/home/vp/robot_ws/src/ros2_odometry_estimation/src/node/odometry_estimation_node.cpp:60:39:[m[K [01;31m[Kerror: [m[Kâ€˜[01m[KTransformStamped[m[Kâ€™ is not a member of â€˜[01m[Knav_msgs::msg[m[Kâ€™; did you mean â€˜[01m[Kgeometry_msgs::msg::TransformStamped[m[Kâ€™?
[2.675s]    60 |   auto message_trans = nav_msgs::msg::[01;31m[KTransformStamped[m[K();
[2.675s]       |                                       [01;31m[K^~~~~~~~~~~~~~~~[m[K
[2.675s] In file included from [01m[K/opt/ros/foxy/include/geometry_msgs/msg/transform_stamped.hpp:7[m[K,
[2.676s]                  from [01m[K/opt/ros/foxy/include/tf2/convert.h:42[m[K,
[2.676s]                  from [01m[K/opt/ros/foxy/include/tf2_geometry_msgs/tf2_geometry_msgs.h:35[m[K,
[2.676s]                  from [01m[K/home/vp/robot_ws/src/ros2_odometry_estimation/src/node/odometry_estimation_node.cpp:3[m[K:
[2.677s] [01m[K/opt/ros/foxy/include/geometry_msgs/msg/detail/transform_stamped__struct.hpp:155:7:[m[K [01;36m[Knote: [m[Kâ€˜[01m[Kgeometry_msgs::msg::TransformStamped[m[Kâ€™ declared here
[2.677s]   155 | using [01;36m[KTransformStamped[m[K =
[2.677s]       |       [01;36m[K^~~~~~~~~~~~~~~~[m[K
[4.321s] make[2]: *** [CMakeFiles/odometry_estimator.dir/build.make:63: CMakeFiles/odometry_estimator.dir/src/node/odometry_estimation_node.cpp.o] Errore 1
[4.321s] make[1]: *** [CMakeFiles/Makefile2:121: CMakeFiles/odometry_estimator.dir/all] Errore 2
[4.321s] make: *** [Makefile:141: all] Errore 2
[4.325s] Invoked command in '/home/vp/robot_ws/build/odometry_estimator' returned '2': CMAKE_PREFIX_PATH=${CMAKE_PREFIX_PATH}:/home/vp/robot_ws/install/ros2_control_test_nodes:/home/vp/robot_ws/install/odrive_driver:/opt/ros/foxy /usr/bin/cmake --build /home/vp/robot_ws/build/odometry_estimator -- -j8 -l8
