[ 20%] Built target vehicle_models
[ 40%] Built target gtest
[ 60%] Built target gtest_main
[35m[1mScanning dependencies of target odometry_estimator[0m
[ 80%] Built target vehicle_models_test
[ 90%] [32mBuilding CXX object CMakeFiles/odometry_estimator.dir/src/node/odometry_estimation_node.cpp.o[0m
[01m[K/home/vp/robot_ws/src/ros2_odometry_estimation/src/node/odometry_estimation_node.cpp:[m[K In member function â€˜[01m[Kvoid OdometryEstimator::publish()[m[Kâ€™:
[01m[K/home/vp/robot_ws/src/ros2_odometry_estimation/src/node/odometry_estimation_node.cpp:64:41:[m[K [01;31m[Kerror: [m[Kexpected â€˜[01m[K;[m[Kâ€™ before â€˜[01m[Kmessage_trans[m[Kâ€™
   64 |   message_trans.header.frame_id = "odom"
      |                                         [01;31m[K^[m[K
      |                                         [32m[K;[m[K
   65 |   [32m[Kmessage_trans[m[K.child_frame_id = "base_link";
      |   [32m[K~~~~~~~~~~~~~[m[K                          
make[2]: *** [CMakeFiles/odometry_estimator.dir/build.make:63: CMakeFiles/odometry_estimator.dir/src/node/odometry_estimation_node.cpp.o] Errore 1
make[1]: *** [CMakeFiles/Makefile2:121: CMakeFiles/odometry_estimator.dir/all] Errore 2
make: *** [Makefile:141: all] Errore 2
