[0.437s] Invoking command in '/home/vp/robot_ws/build/odometry_estimator': CMAKE_PREFIX_PATH=${CMAKE_PREFIX_PATH}:/home/vp/robot_ws/install/ros2_control_test_nodes:/home/vp/robot_ws/install/odrive_driver:/opt/ros/foxy /usr/bin/cmake --build /home/vp/robot_ws/build/odometry_estimator -- -j8 -l8
[0.760s] [ 20%] Built target gtest
[0.760s] [ 40%] Built target vehicle_models
[0.761s] [ 60%] Built target gtest_main
[0.762s] [35m[1mScanning dependencies of target odometry_estimator[0m
[0.763s] [ 80%] Built target vehicle_models_test
[0.764s] [ 90%] [32mBuilding CXX object CMakeFiles/odometry_estimator.dir/src/node/odometry_estimation_node.cpp.o[0m
[2.644s] [01m[K/home/vp/robot_ws/src/ros2_odometry_estimation/src/node/odometry_estimation_node.cpp:[m[K In constructor â€˜[01m[KOdometryEstimator::OdometryEstimator()[m[Kâ€™:
[2.645s] [01m[K/home/vp/robot_ws/src/ros2_odometry_estimation/src/node/odometry_estimation_node.cpp:32:10:[m[K [01;31m[Kerror: [m[Kâ€˜[01m[Kbroadcaster[m[Kâ€™ does not name a type
[2.645s]    32 |   static [01;31m[Kbroadcaster[m[K = tf2_ros::TransformBroadcaster(*this);
[2.645s]       |          [01;31m[K^~~~~~~~~~~[m[K
[2.661s] [01m[K/home/vp/robot_ws/src/ros2_odometry_estimation/src/node/odometry_estimation_node.cpp:[m[K In member function â€˜[01m[Kvoid OdometryEstimator::publish()[m[Kâ€™:
[2.661s] [01m[K/home/vp/robot_ws/src/ros2_odometry_estimation/src/node/odometry_estimation_node.cpp:85:3:[m[K [01;31m[Kerror: [m[Kâ€˜[01m[Kbroadcaster[m[Kâ€™ was not declared in this scope
[2.662s]    85 |   [01;31m[Kbroadcaster[m[K.sendTransform(message_trans);
[2.662s]       |   [01;31m[K^~~~~~~~~~~[m[K
[4.264s] make[2]: *** [CMakeFiles/odometry_estimator.dir/build.make:63: CMakeFiles/odometry_estimator.dir/src/node/odometry_estimation_node.cpp.o] Errore 1
[4.264s] make[1]: *** [CMakeFiles/Makefile2:121: CMakeFiles/odometry_estimator.dir/all] Errore 2
[4.264s] make: *** [Makefile:141: all] Errore 2
[4.267s] Invoked command in '/home/vp/robot_ws/build/odometry_estimator' returned '2': CMAKE_PREFIX_PATH=${CMAKE_PREFIX_PATH}:/home/vp/robot_ws/install/ros2_control_test_nodes:/home/vp/robot_ws/install/odrive_driver:/opt/ros/foxy /usr/bin/cmake --build /home/vp/robot_ws/build/odometry_estimator -- -j8 -l8
