[0.077s] Invoking command in '/home/vp/robot_ws/build/odometry_estimator': CMAKE_PREFIX_PATH=${CMAKE_PREFIX_PATH}:/home/vp/robot_ws/install/two_wheel_demo:/home/vp/robot_ws/install/odrive_driver:/home/vp/robot_ws/install/odom:/opt/ros/foxy /usr/bin/cmake --build /home/vp/robot_ws/build/odometry_estimator -- -j8 -l8
[0.723s] [ 20%] Built target gtest_main
[0.723s] [ 50%] Built target vehicle_models
[0.725s] [ 60%] Built target gtest
[0.726s] [35m[1mScanning dependencies of target odometry_estimator[0m
[0.727s] [ 80%] Built target vehicle_models_test
[0.727s] [ 90%] [32mBuilding CXX object CMakeFiles/odometry_estimator.dir/src/node/odometry_estimation_node.cpp.o[0m
[2.019s] [01m[K/home/vp/robot_ws/src/ros2_odometry_estimation/src/node/odometry_estimation_node.cpp:[m[K In constructor â€˜[01m[KOdometryEstimator::OdometryEstimator()[m[Kâ€™:
[2.019s] [01m[K/home/vp/robot_ws/src/ros2_odometry_estimation/src/node/odometry_estimation_node.cpp:19:70:[m[K [01;31m[Kerror: [m[Kâ€˜[01m[KFloat32[m[Kâ€™ is not a member of â€˜[01m[Kstd_msgs::msg[m[Kâ€™
[2.020s]    19 | ight_wheel_subscriber_ = this->create_subscription<std_msgs::msg::[01;31m[KFloat32[m[K>(
[2.020s]       |                                                                   [01;31m[K^~~~~~~[m[K
[2.020s] 
[2.021s] [01m[K/home/vp/robot_ws/src/ros2_odometry_estimation/src/node/odometry_estimation_node.cpp:19:70:[m[K [01;31m[Kerror: [m[Kâ€˜[01m[KFloat32[m[Kâ€™ is not a member of â€˜[01m[Kstd_msgs::msg[m[Kâ€™
[2.025s] [01m[K/home/vp/robot_ws/src/ros2_odometry_estimation/src/node/odometry_estimation_node.cpp:21:88:[m[K [01;31m[Kerror: [m[Kno matching function for call to â€˜[01m[KOdometryEstimator::create_subscription<<expression error> >(const char [14], int, std::_Bind_helper<false, void (OdometryEstimator::*)(std::shared_ptr<std_msgs::msg::Int64_<std::allocator<void> > >), OdometryEstimator*, const std::_Placeholder<1>&>::type)[m[Kâ€™
[2.026s]    21 | ator::handleRightWheelInput, this, std::placeholders::_1)[01;31m[K)[m[K;
[2.026s]       |                                                          [01;31m[K^[m[K
[2.026s] 
[2.026s] In file included from [01m[K/opt/ros/foxy/include/rclcpp/executors/single_threaded_executor.hpp:28[m[K,
[2.026s]                  from [01m[K/opt/ros/foxy/include/rclcpp/executors.hpp:22[m[K,
[2.026s]                  from [01m[K/opt/ros/foxy/include/rclcpp/rclcpp.hpp:146[m[K,
[2.026s]                  from [01m[K/home/vp/robot_ws/src/ros2_odometry_estimation/include/node/odometry_estimation_node.h:10[m[K,
[2.027s]                  from [01m[K/home/vp/robot_ws/src/ros2_odometry_estimation/src/node/odometry_estimation_node.cpp:1[m[K:
[2.027s] [01m[K/opt/ros/foxy/include/rclcpp/node.hpp:213:3:[m[K [01;36m[Knote: [m[Kcandidate: â€˜[01m[Ktemplate<class MessageT, class CallbackT, class AllocatorT, class CallbackMessageT, class SubscriptionT, class MessageMemoryStrategyT> std::shared_ptr<SubscriptionT> rclcpp::Node::create_subscription(const string&, const rclcpp::QoS&, CallbackT&&, const rclcpp::SubscriptionOptionsWithAllocator<AllocatorT>&, typename MessageMemoryStrategyT::SharedPtr)[m[Kâ€™
[2.027s]   213 |   [01;36m[Kcreate_subscription[m[K(
[2.027s]       |   [01;36m[K^~~~~~~~~~~~~~~~~~~[m[K
[2.027s] [01m[K/opt/ros/foxy/include/rclcpp/node.hpp:213:3:[m[K [01;36m[Knote: [m[K  template argument deduction/substitution failed:
[2.027s] [01m[K/home/vp/robot_ws/src/ros2_odometry_estimation/src/node/odometry_estimation_node.cpp:21:88:[m[K [01;31m[Kerror: [m[Ktemplate argument 1 is invalid
[2.027s]    21 | ator::handleRightWheelInput, this, std::placeholders::_1)[01;31m[K)[m[K;
[2.027s]       |                                                          [01;31m[K^[m[K
[2.027s] 
[2.028s] [01m[K/home/vp/robot_ws/src/ros2_odometry_estimation/src/node/odometry_estimation_node.cpp:22:69:[m[K [01;31m[Kerror: [m[Kâ€˜[01m[KFloat32[m[Kâ€™ is not a member of â€˜[01m[Kstd_msgs::msg[m[Kâ€™
[2.028s]    22 | left_wheel_subscriber_ = this->create_subscription<std_msgs::msg::[01;31m[KFloat32[m[K>(
[2.028s]       |                                                                   [01;31m[K^~~~~~~[m[K
[2.028s] 
[2.028s] [01m[K/home/vp/robot_ws/src/ros2_odometry_estimation/src/node/odometry_estimation_node.cpp:22:69:[m[K [01;31m[Kerror: [m[Kâ€˜[01m[KFloat32[m[Kâ€™ is not a member of â€˜[01m[Kstd_msgs::msg[m[Kâ€™
[2.028s] [01m[K/home/vp/robot_ws/src/ros2_odometry_estimation/src/node/odometry_estimation_node.cpp:24:87:[m[K [01;31m[Kerror: [m[Kno matching function for call to â€˜[01m[KOdometryEstimator::create_subscription<<expression error> >(const char [14], int, std::_Bind_helper<false, void (OdometryEstimator::*)(std::shared_ptr<std_msgs::msg::Int64_<std::allocator<void> > >), OdometryEstimator*, const std::_Placeholder<1>&>::type)[m[Kâ€™
[2.028s]    24 | mator::handleLeftWheelInput, this, std::placeholders::_1)[01;31m[K)[m[K;
[2.028s]       |                                                          [01;31m[K^[m[K
[2.028s] 
[2.029s] In file included from [01m[K/opt/ros/foxy/include/rclcpp/executors/single_threaded_executor.hpp:28[m[K,
[2.029s]                  from [01m[K/opt/ros/foxy/include/rclcpp/executors.hpp:22[m[K,
[2.029s]                  from [01m[K/opt/ros/foxy/include/rclcpp/rclcpp.hpp:146[m[K,
[2.029s]                  from [01m[K/home/vp/robot_ws/src/ros2_odometry_estimation/include/node/odometry_estimation_node.h:10[m[K,
[2.029s]                  from [01m[K/home/vp/robot_ws/src/ros2_odometry_estimation/src/node/odometry_estimation_node.cpp:1[m[K:
[2.029s] [01m[K/opt/ros/foxy/include/rclcpp/node.hpp:213:3:[m[K [01;36m[Knote: [m[Kcandidate: â€˜[01m[Ktemplate<class MessageT, class CallbackT, class AllocatorT, class CallbackMessageT, class SubscriptionT, class MessageMemoryStrategyT> std::shared_ptr<SubscriptionT> rclcpp::Node::create_subscription(const string&, const rclcpp::QoS&, CallbackT&&, const rclcpp::SubscriptionOptionsWithAllocator<AllocatorT>&, typename MessageMemoryStrategyT::SharedPtr)[m[Kâ€™
[2.029s]   213 |   [01;36m[Kcreate_subscription[m[K(
[2.029s]       |   [01;36m[K^~~~~~~~~~~~~~~~~~~[m[K
[2.030s] [01m[K/opt/ros/foxy/include/rclcpp/node.hpp:213:3:[m[K [01;36m[Knote: [m[K  template argument deduction/substitution failed:
[2.030s] [01m[K/home/vp/robot_ws/src/ros2_odometry_estimation/src/node/odometry_estimation_node.cpp:24:87:[m[K [01;31m[Kerror: [m[Ktemplate argument 1 is invalid
[2.030s]    24 | mator::handleLeftWheelInput, this, std::placeholders::_1)[01;31m[K)[m[K;
[2.030s]       |                                                          [01;31m[K^[m[K
[2.030s] 
[2.041s] [01m[K/home/vp/robot_ws/src/ros2_odometry_estimation/src/node/odometry_estimation_node.cpp:[m[K At global scope:
[2.041s] [01m[K/home/vp/robot_ws/src/ros2_odometry_estimation/src/node/odometry_estimation_node.cpp:31:68:[m[K [01;31m[Kerror: [m[Kâ€˜[01m[KFloat32[m[Kâ€™ in namespace â€˜[01m[Kstd_msgs::msg[m[Kâ€™ does not name a type
[2.041s]    31 | tryEstimator::handleRightWheelInput(const std_msgs::msg::[01;31m[KFloat32[m[K::SharedPtr rpm_right)
[2.041s]       |                                                          [01;31m[K^~~~~~~[m[K
[2.042s] 
[2.042s] [01m[K/home/vp/robot_ws/src/ros2_odometry_estimation/src/node/odometry_estimation_node.cpp:31:87:[m[K [01;31m[Kerror: [m[Kexpected unqualified-id before â€˜[01m[Krpm_right[m[Kâ€™
[2.042s]    31 | r::handleRightWheelInput(const std_msgs::msg::Float32::SharedPtr [01;31m[Krpm_right[m[K)
[2.042s]       |                                                                  [01;31m[K^~~~~~~~~[m[K
[2.042s] 
[2.042s] [01m[K/home/vp/robot_ws/src/ros2_odometry_estimation/src/node/odometry_estimation_node.cpp:31:86:[m[K [01;31m[Kerror: [m[Kexpected â€˜[01m[K)[m[Kâ€™ before â€˜[01m[Krpm_right[m[Kâ€™
[2.042s]    31 | r::handleRightWheelInput[34m[K([m[Kconst std_msgs::msg::Float32::SharedPtr[01;31m[K [m[K[32m[Krpm_right[m[K)
[2.043s]       |                         [34m[K~[m[K                                       [01;31m[K^[m[K[32m[K~~~~~~~~~[m[K
[2.043s]       |                                                                 [32m[K)[m[K
[2.043s] [01m[K/home/vp/robot_ws/src/ros2_odometry_estimation/src/node/odometry_estimation_node.cpp:31:87:[m[K [01;31m[Kerror: [m[Kexpected initializer before â€˜[01m[Krpm_right[m[Kâ€™
[2.043s]    31 | r::handleRightWheelInput(const std_msgs::msg::Float32::SharedPtr [01;31m[Krpm_right[m[K)
[2.043s]       |                                                                  [01;31m[K^~~~~~~~~[m[K
[2.043s] 
[2.043s] [01m[K/home/vp/robot_ws/src/ros2_odometry_estimation/src/node/odometry_estimation_node.cpp:36:67:[m[K [01;31m[Kerror: [m[Kâ€˜[01m[KFloat32[m[Kâ€™ in namespace â€˜[01m[Kstd_msgs::msg[m[Kâ€™ does not name a type
[2.044s]    36 | etryEstimator::handleLeftWheelInput(const std_msgs::msg::[01;31m[KFloat32[m[K::SharedPtr rpm_left)
[2.044s]       |                                                          [01;31m[K^~~~~~~[m[K
[2.044s] 
[2.044s] [01m[K/home/vp/robot_ws/src/ros2_odometry_estimation/src/node/odometry_estimation_node.cpp:36:86:[m[K [01;31m[Kerror: [m[Kexpected unqualified-id before â€˜[01m[Krpm_left[m[Kâ€™
[2.044s]    36 | tor::handleLeftWheelInput(const std_msgs::msg::Float32::SharedPtr [01;31m[Krpm_left[m[K)
[2.044s]       |                                                                   [01;31m[K^~~~~~~~[m[K
[2.044s] 
[2.044s] [01m[K/home/vp/robot_ws/src/ros2_odometry_estimation/src/node/odometry_estimation_node.cpp:36:85:[m[K [01;31m[Kerror: [m[Kexpected â€˜[01m[K)[m[Kâ€™ before â€˜[01m[Krpm_left[m[Kâ€™
[2.045s]    36 | tor::handleLeftWheelInput[34m[K([m[Kconst std_msgs::msg::Float32::SharedPtr[01;31m[K [m[K[32m[Krpm_left[m[K)
[2.045s]       |                          [34m[K~[m[K                                       [01;31m[K^[m[K[32m[K~~~~~~~~[m[K
[2.045s]       |                                                                  [32m[K)[m[K
[2.045s] [01m[K/home/vp/robot_ws/src/ros2_odometry_estimation/src/node/odometry_estimation_node.cpp:36:86:[m[K [01;31m[Kerror: [m[Kexpected initializer before â€˜[01m[Krpm_left[m[Kâ€™
[2.045s]    36 | tor::handleLeftWheelInput(const std_msgs::msg::Float32::SharedPtr [01;31m[Krpm_left[m[K)
[2.045s]       |                                                                   [01;31m[K^~~~~~~~[m[K
[2.045s] 
[2.985s] make[2]: *** [CMakeFiles/odometry_estimator.dir/build.make:63: CMakeFiles/odometry_estimator.dir/src/node/odometry_estimation_node.cpp.o] Errore 1
[2.986s] make[1]: *** [CMakeFiles/Makefile2:121: CMakeFiles/odometry_estimator.dir/all] Errore 2
[2.986s] make: *** [Makefile:141: all] Errore 2
[2.988s] Invoked command in '/home/vp/robot_ws/build/odometry_estimator' returned '2': CMAKE_PREFIX_PATH=${CMAKE_PREFIX_PATH}:/home/vp/robot_ws/install/two_wheel_demo:/home/vp/robot_ws/install/odrive_driver:/home/vp/robot_ws/install/odom:/opt/ros/foxy /usr/bin/cmake --build /home/vp/robot_ws/build/odometry_estimator -- -j8 -l8
