[0.577s] Invoking command in '/home/vp/robot_ws/build/odometry_estimator': CMAKE_PREFIX_PATH=${CMAKE_PREFIX_PATH}:/home/vp/robot_ws/install/ros2_control_test_nodes:/home/vp/robot_ws/install/odrive_driver:/opt/ros/foxy /usr/bin/cmake --build /home/vp/robot_ws/build/odometry_estimator -- -j8 -l8
[0.681s] [ 20%] Built target vehicle_models
[0.704s] [ 40%] Built target gtest_main
[0.712s] [35m[1mScanning dependencies of target odometry_estimator[0m
[0.713s] [ 60%] Built target gtest
[0.778s] [ 70%] [32mBuilding CXX object CMakeFiles/odometry_estimator.dir/src/node/odometry_estimation_node.cpp.o[0m
[0.785s] [ 90%] Built target vehicle_models_test
[4.212s] [01m[K/home/vp/robot_ws/src/ros2_odometry_estimation/src/node/odometry_estimation_node.cpp:[m[K In member function â€˜[01m[Kvoid OdometryEstimator::publish()[m[Kâ€™:
[4.212s] [01m[K/home/vp/robot_ws/src/ros2_odometry_estimation/src/node/odometry_estimation_node.cpp:96:10:[m[K [01;31m[Kerror: [m[Kcannot convert â€˜[01m[Kgeometry_msgs::msg::TransformStamped_<std::allocator<void> >[m[Kâ€™ to â€˜[01m[Kconst char*[m[Kâ€™
[4.212s]    96 |   printf([01;31m[Kmessage_trans[m[K);
[4.213s]       |          [01;31m[K^~~~~~~~~~~~~[m[K
[4.213s]       |          [01;31m[K|[m[K
[4.213s]       |          [01;31m[Kgeometry_msgs::msg::TransformStamped_<std::allocator<void> >[m[K
[4.213s] In file included from [01m[K/usr/include/c++/9/cstdio:42[m[K,
[4.214s]                  from [01m[K/usr/include/c++/9/ext/string_conversions.h:43[m[K,
[4.214s]                  from [01m[K/usr/include/c++/9/bits/basic_string.h:6496[m[K,
[4.214s]                  from [01m[K/usr/include/c++/9/string:55[m[K,
[4.214s]                  from [01m[K/usr/include/c++/9/stdexcept:39[m[K,
[4.214s]                  from [01m[K/usr/include/c++/9/array:39[m[K,
[4.214s]                  from [01m[K/usr/include/c++/9/tuple:39[m[K,
[4.214s]                  from [01m[K/usr/include/c++/9/bits/unique_ptr.h:37[m[K,
[4.214s]                  from [01m[K/usr/include/c++/9/memory:80[m[K,
[4.215s]                  from [01m[K/opt/ros/foxy/include/rosidl_runtime_cpp/bounded_vector.hpp:19[m[K,
[4.215s]                  from [01m[K/opt/ros/foxy/include/nav_msgs/msg/detail/odometry__struct.hpp:8[m[K,
[4.215s]                  from [01m[K/opt/ros/foxy/include/nav_msgs/msg/odometry.hpp:7[m[K,
[4.215s]                  from [01m[K/home/vp/robot_ws/src/ros2_odometry_estimation/include/node/odometry_estimation_node.h:5[m[K,
[4.215s]                  from [01m[K/home/vp/robot_ws/src/ros2_odometry_estimation/src/node/odometry_estimation_node.cpp:1[m[K:
[4.215s] [01m[K/usr/include/stdio.h:332:43:[m[K [01;36m[Knote: [m[K  initializing argument 1 of â€˜[01m[Kint printf(const char*, ...)[m[Kâ€™
[4.215s]   332 | extern int printf ([01;36m[Kconst char *__restrict __format[m[K, ...);
[4.215s]       |                    [01;36m[K~~~~~~~~~~~~~~~~~~~~~~~^~~~~~~~[m[K
[6.895s] make[2]: *** [CMakeFiles/odometry_estimator.dir/build.make:63: CMakeFiles/odometry_estimator.dir/src/node/odometry_estimation_node.cpp.o] Errore 1
[6.895s] make[1]: *** [CMakeFiles/Makefile2:121: CMakeFiles/odometry_estimator.dir/all] Errore 2
[6.897s] make: *** [Makefile:141: all] Errore 2
[6.898s] Invoked command in '/home/vp/robot_ws/build/odometry_estimator' returned '2': CMAKE_PREFIX_PATH=${CMAKE_PREFIX_PATH}:/home/vp/robot_ws/install/ros2_control_test_nodes:/home/vp/robot_ws/install/odrive_driver:/opt/ros/foxy /usr/bin/cmake --build /home/vp/robot_ws/build/odometry_estimator -- -j8 -l8
