[0.079s] Invoking command in '/home/vp/robot_ws/build/odometry_estimator': CMAKE_PREFIX_PATH=${CMAKE_PREFIX_PATH}:/home/vp/robot_ws/install/two_wheel_demo:/home/vp/robot_ws/install/odrive_driver:/home/vp/robot_ws/install/odom:/opt/ros/foxy /usr/bin/cmake --build /home/vp/robot_ws/build/odometry_estimator -- -j8 -l8
[0.765s] [35m[1mScanning dependencies of target vehicle_models[0m
[0.767s] [ 20%] Built target gtest_main
[0.768s] [ 40%] Built target gtest
[0.769s] [ 50%] [32mBuilding CXX object CMakeFiles/vehicle_models.dir/src/vehicle_models/vehicle_models.cpp.o[0m
[0.771s] [01m[K/home/vp/robot_ws/src/ros2_odometry_estimation/src/vehicle_models/vehicle_models.cpp:26:14:[m[K [01;31m[Kerror: [m[Kâ€˜[01m[KVehicleState DifferentialDriveModel::calculateNextState[m[Kâ€™ is not a static data member of â€˜[01m[Kclass DifferentialDriveModel[m[Kâ€™
[0.772s]    26 | VehicleState [01;31m[KDifferentialDriveModel[m[K::calculateNextState(Float32 rpm_left_wheel, Float32 rpm_right_wheel,
[0.772s]       |              [01;31m[K^~~~~~~~~~~~~~~~~~~~~~[m[K
[0.772s] [01m[K/home/vp/robot_ws/src/ros2_odometry_estimation/src/vehicle_models/vehicle_models.cpp:26:57:[m[K [01;31m[Kerror: [m[Kâ€˜[01m[KFloat32[m[Kâ€™ was not declared in this scope
[0.772s]    26 | VehicleState DifferentialDriveModel::calculateNextState([01;31m[KFloat32[m[K rpm_left_wheel, Float32 rpm_right_wheel,
[0.773s]       |                                                         [01;31m[K^~~~~~~[m[K
[0.773s] [01m[K/home/vp/robot_ws/src/ros2_odometry_estimation/src/vehicle_models/vehicle_models.cpp:26:81:[m[K [01;31m[Kerror: [m[Kâ€˜[01m[KFloat32[m[Kâ€™ was not declared in this scope
[0.773s]    26 | alDriveModel::calculateNextState(Float32 rpm_left_wheel, [01;31m[KFloat32[m[K rpm_right_wheel,
[0.773s]       |                                                          [01;31m[K^~~~~~~[m[K
[0.773s] 
[0.773s] [01m[K/home/vp/robot_ws/src/ros2_odometry_estimation/src/vehicle_models/vehicle_models.cpp:27:70:[m[K [01;31m[Kerror: [m[Kexpected primary-expression before â€˜[01m[Kprev_state[m[Kâ€™
[0.773s]    27 |                                             VehicleState [01;31m[Kprev_state[m[K, double dt)
[0.774s]       |                                                          [01;31m[K^~~~~~~~~~[m[K
[0.774s] 
[0.774s] [01m[K/home/vp/robot_ws/src/ros2_odometry_estimation/src/vehicle_models/vehicle_models.cpp:27:82:[m[K [01;31m[Kerror: [m[Kexpected primary-expression before â€˜[01m[Kdouble[m[Kâ€™
[0.774s]    27 |                                         VehicleState prev_state, [01;31m[Kdouble[m[K dt)
[0.774s]       |                                                                  [01;31m[K^~~~~~[m[K
[0.774s] 
[0.775s] [01m[K/home/vp/robot_ws/src/ros2_odometry_estimation/src/vehicle_models/vehicle_models.cpp:28:1:[m[K [01;31m[Kerror: [m[Kexpected â€˜[01m[K,[m[Kâ€™ or â€˜[01m[K;[m[Kâ€™ before â€˜[01m[K{[m[Kâ€™ token
[0.775s]    28 | [01;31m[K{[m[K
[0.775s]       | [01;31m[K^[m[K
[0.775s] make[2]: *** [CMakeFiles/vehicle_models.dir/build.make:63: CMakeFiles/vehicle_models.dir/src/vehicle_models/vehicle_models.cpp.o] Errore 1
[0.775s] make[1]: *** [CMakeFiles/Makefile2:148: CMakeFiles/vehicle_models.dir/all] Errore 2
[0.775s] make: *** [Makefile:141: all] Errore 2
[0.776s] Invoked command in '/home/vp/robot_ws/build/odometry_estimator' returned '2': CMAKE_PREFIX_PATH=${CMAKE_PREFIX_PATH}:/home/vp/robot_ws/install/two_wheel_demo:/home/vp/robot_ws/install/odrive_driver:/home/vp/robot_ws/install/odom:/opt/ros/foxy /usr/bin/cmake --build /home/vp/robot_ws/build/odometry_estimator -- -j8 -l8
