[0.378s] Invoking command in '/home/vp/robot_ws/build/odometry_estimator': CMAKE_PREFIX_PATH=${CMAKE_PREFIX_PATH}:/home/vp/robot_ws/install/ros2_control_test_nodes:/home/vp/robot_ws/install/odrive_driver:/opt/ros/foxy /usr/bin/cmake --build /home/vp/robot_ws/build/odometry_estimator -- -j8 -l8
[0.707s] [ 30%] Built target gtest
[0.708s] [ 40%] Built target vehicle_models
[0.708s] [ 60%] Built target gtest_main
[0.710s] [35m[1mScanning dependencies of target odometry_estimator[0m
[0.711s] [ 80%] Built target vehicle_models_test
[0.712s] [ 90%] [32mBuilding CXX object CMakeFiles/odometry_estimator.dir/src/node/odometry_estimation_node.cpp.o[0m
[2.466s] [01m[K/home/vp/robot_ws/src/ros2_odometry_estimation/src/node/odometry_estimation_node.cpp:[m[K In member function â€˜[01m[Kvoid OdometryEstimator::publish()[m[Kâ€™:
[2.466s] [01m[K/home/vp/robot_ws/src/ros2_odometry_estimation/src/node/odometry_estimation_node.cpp:69:10:[m[K [01;31m[Kerror: [m[Kâ€˜[01m[Kbroadcaster[m[Kâ€™ does not name a type
[2.466s]    69 |   static [01;31m[Kbroadcaster[m[K = tf2_ros::TransformBroadcaster(this);
[2.466s]       |          [01;31m[K^~~~~~~~~~~[m[K
[2.474s] [01m[K/home/vp/robot_ws/src/ros2_odometry_estimation/src/node/odometry_estimation_node.cpp:88:8:[m[K [01;31m[Kerror: [m[Krequest for member â€˜[01m[Kbroadcaster[m[Kâ€™ in â€˜[01m[K(OdometryEstimator*)this[m[Kâ€™, which is of pointer type â€˜[01m[KOdometryEstimator*[m[Kâ€™ (maybe you meant to use â€˜[01m[K->[m[Kâ€™ ?)
[2.474s]    88 |   this.[01;31m[Kbroadcaster[m[K.sendTransform(message_trans);
[2.474s]       |        [01;31m[K^~~~~~~~~~~[m[K
[3.951s] make[2]: *** [CMakeFiles/odometry_estimator.dir/build.make:63: CMakeFiles/odometry_estimator.dir/src/node/odometry_estimation_node.cpp.o] Errore 1
[3.951s] make[1]: *** [CMakeFiles/Makefile2:121: CMakeFiles/odometry_estimator.dir/all] Errore 2
[3.951s] make: *** [Makefile:141: all] Errore 2
[3.953s] Invoked command in '/home/vp/robot_ws/build/odometry_estimator' returned '2': CMAKE_PREFIX_PATH=${CMAKE_PREFIX_PATH}:/home/vp/robot_ws/install/ros2_control_test_nodes:/home/vp/robot_ws/install/odrive_driver:/opt/ros/foxy /usr/bin/cmake --build /home/vp/robot_ws/build/odometry_estimator -- -j8 -l8
