[0.592s] Invoking command in '/home/vp/robot_ws/build/odometry_estimator': CMAKE_PREFIX_PATH=${CMAKE_PREFIX_PATH}:/home/vp/robot_ws/install/ros2_control_test_nodes:/home/vp/robot_ws/install/odrive_driver:/opt/ros/foxy /usr/bin/cmake --build /home/vp/robot_ws/build/odometry_estimator -- -j8 -l8
[1.088s] [ 20%] Built target gtest_main
[1.088s] [ 40%] Built target vehicle_models
[1.088s] [ 60%] Built target gtest
[1.089s] [35m[1mScanning dependencies of target odometry_estimator[0m
[1.089s] [ 80%] Built target vehicle_models_test
[1.089s] [ 90%] [32mBuilding CXX object CMakeFiles/odometry_estimator.dir/src/node/odometry_estimation_node.cpp.o[0m
[4.059s] [01m[K/home/vp/robot_ws/src/ros2_odometry_estimation/src/node/odometry_estimation_node.cpp:[m[K In member function â€˜[01m[Kvoid OdometryEstimator::publish()[m[Kâ€™:
[4.059s] [01m[K/home/vp/robot_ws/src/ros2_odometry_estimation/src/node/odometry_estimation_node.cpp:96:18:[m[K [01;31m[Kerror: [m[Kcannot convert â€˜[01m[Kgeometry_msgs::msg::TransformStamped_<std::allocator<void> >[m[Kâ€™ to â€˜[01m[Klong int[m[Kâ€™ in initialization
[4.059s]    96 |   long int aaa = [01;31m[Kmessage_trans[m[K;
[4.059s]       |                  [01;31m[K^~~~~~~~~~~~~[m[K
[4.059s]       |                  [01;31m[K|[m[K
[4.059s]       |                  [01;31m[Kgeometry_msgs::msg::TransformStamped_<std::allocator<void> >[m[K
[6.654s] make[2]: *** [CMakeFiles/odometry_estimator.dir/build.make:63: CMakeFiles/odometry_estimator.dir/src/node/odometry_estimation_node.cpp.o] Errore 1
[6.654s] make[1]: *** [CMakeFiles/Makefile2:121: CMakeFiles/odometry_estimator.dir/all] Errore 2
[6.654s] make: *** [Makefile:141: all] Errore 2
[6.658s] Invoked command in '/home/vp/robot_ws/build/odometry_estimator' returned '2': CMAKE_PREFIX_PATH=${CMAKE_PREFIX_PATH}:/home/vp/robot_ws/install/ros2_control_test_nodes:/home/vp/robot_ws/install/odrive_driver:/opt/ros/foxy /usr/bin/cmake --build /home/vp/robot_ws/build/odometry_estimator -- -j8 -l8
